[0.310s] Invoking command in '/home/joas329/Desktop/rover_simulation/build/hello_moveit': CMAKE_PREFIX_PATH=${CMAKE_PREFIX_PATH}:/opt/ros/humble:/home/joas329/Desktop/rover_simulation/install/my_bot /usr/bin/cmake /home/joas329/Desktop/rover_simulation/src/hello_moveit -DCMAKE_INSTALL_PREFIX=/home/joas329/Desktop/rover_simulation/install/hello_moveit
[0.325s] -- Found ament_cmake: 1.3.5 (/opt/ros/humble/share/ament_cmake/cmake)
[0.504s] -- Found moveit_ros_planning_interface: 2.5.4 (/opt/ros/humble/share/moveit_ros_planning_interface/cmake)
[0.522s] -- Found Boost: /usr/lib/x86_64-linux-gnu/cmake/Boost-1.74.0/BoostConfig.cmake (found version "1.74.0") found components: date_time filesystem program_options system thread 
[0.590s] -- Found rosidl_generator_c: 3.1.5 (/opt/ros/humble/share/rosidl_generator_c/cmake)
[0.592s] -- Found rosidl_adapter: 3.1.5 (/opt/ros/humble/share/rosidl_adapter/cmake)
[0.599s] -- Found rosidl_generator_cpp: 3.1.5 (/opt/ros/humble/share/rosidl_generator_cpp/cmake)
[0.610s] -- Using all available rosidl_typesupport_c: rosidl_typesupport_fastrtps_c;rosidl_typesupport_introspection_c
[0.627s] -- Using all available rosidl_typesupport_cpp: rosidl_typesupport_fastrtps_cpp;rosidl_typesupport_introspection_cpp
[1.777s] -- Found Boost: /usr/lib/x86_64-linux-gnu/cmake/Boost-1.74.0/BoostConfig.cmake (found version "1.74.0") found components: chrono date_time filesystem iostreams program_options regex serialization system thread 
[1.787s] -- Found Boost: /usr/lib/x86_64-linux-gnu/cmake/Boost-1.74.0/BoostConfig.cmake (found version "1.74.0") found components: filesystem 
[1.847s] -- Found rmw_implementation_cmake: 6.1.1 (/opt/ros/humble/share/rmw_implementation_cmake/cmake)
[1.848s] -- Found rmw_cyclonedds_cpp: 1.3.4 (/opt/ros/humble/share/rmw_cyclonedds_cpp/cmake)
[1.877s] -- Using RMW implementation 'rmw_cyclonedds_cpp' as default
[2.094s] -- library: /usr/lib/x86_64-linux-gnu/libcurl.so
[2.264s] -- Ensuring Eigen3 include directory is part of orocos-kdl CMake target
[2.827s] -- Found Boost: /usr/lib/x86_64-linux-gnu/cmake/Boost-1.74.0/BoostConfig.cmake (found version "1.74.0") found components: system filesystem date_time program_options thread chrono 
[3.411s] -- Found Boost: /usr/lib/x86_64-linux-gnu/cmake/Boost-1.74.0/BoostConfig.cmake (found version "1.74.0") found components: thread system filesystem regex date_time program_options 
[3.686s] -- Found Boost: /usr/lib/x86_64-linux-gnu/cmake/Boost-1.74.0/BoostConfig.cmake (found version "1.74.0") found components: system filesystem date_time program_options thread 
[4.155s] -- Found ament_lint_auto: 0.12.7 (/opt/ros/humble/share/ament_lint_auto/cmake)
[4.216s] -- Added test 'cppcheck' to perform static code analysis on C / C++ code
[4.216s] -- Configured cppcheck include dirs: $<BUILD_INTERFACE:/home/joas329/Desktop/rover_simulation/src/hello_moveit/include>
[4.217s] -- Configured cppcheck exclude dirs and/or files: 
[4.217s] -- Added test 'lint_cmake' to check CMake code style
[4.218s] -- Added test 'uncrustify' to check C / C++ code style
[4.218s] -- Configured uncrustify additional arguments: 
[4.218s] -- Added test 'xmllint' to check XML markup files
[4.219s] -- Configuring done
[4.246s] -- Generating done
[4.248s] -- Build files have been written to: /home/joas329/Desktop/rover_simulation/build/hello_moveit
[4.259s] Invoked command in '/home/joas329/Desktop/rover_simulation/build/hello_moveit' returned '0': CMAKE_PREFIX_PATH=${CMAKE_PREFIX_PATH}:/opt/ros/humble:/home/joas329/Desktop/rover_simulation/install/my_bot /usr/bin/cmake /home/joas329/Desktop/rover_simulation/src/hello_moveit -DCMAKE_INSTALL_PREFIX=/home/joas329/Desktop/rover_simulation/install/hello_moveit
[4.260s] Invoking command in '/home/joas329/Desktop/rover_simulation/build/hello_moveit': CMAKE_PREFIX_PATH=${CMAKE_PREFIX_PATH}:/opt/ros/humble:/home/joas329/Desktop/rover_simulation/install/my_bot /usr/bin/cmake --build /home/joas329/Desktop/rover_simulation/build/hello_moveit -- -j8 -l8
[4.299s] [35m[1mConsolidate compiler generated dependencies of target hello_moveit[0m
[4.330s] [ 50%] [32mBuilding CXX object CMakeFiles/hello_moveit.dir/src/hello_moveit.cpp.o[0m
[8.627s] [01m[K/home/joas329/Desktop/rover_simulation/src/hello_moveit/src/hello_moveit.cpp:16:5:[m[K [01;31m[Kerror: [m[Kredefinition of â€˜[01m[Kint main(int, char**)[m[Kâ€™
[8.627s]    16 | int [01;31m[Kmain[m[K(int argc, char * argv[])
[8.627s]       |     [01;31m[K^~~~[m[K
[8.627s] [01m[K/home/joas329/Desktop/rover_simulation/src/hello_moveit/src/hello_moveit.cpp:3:5:[m[K [01;36m[Knote: [m[Kâ€˜[01m[Kint main(int, char**)[m[Kâ€™ previously defined here
[8.627s]     3 | int [01;36m[Kmain[m[K(int argc, char ** argv)
[8.628s]       |     [01;36m[K^~~~[m[K
[10.870s] gmake[2]: *** [CMakeFiles/hello_moveit.dir/build.make:76: CMakeFiles/hello_moveit.dir/src/hello_moveit.cpp.o] Error 1
[10.871s] gmake[1]: *** [CMakeFiles/Makefile2:137: CMakeFiles/hello_moveit.dir/all] Error 2
[10.871s] gmake: *** [Makefile:146: all] Error 2
[10.873s] Invoked command in '/home/joas329/Desktop/rover_simulation/build/hello_moveit' returned '2': CMAKE_PREFIX_PATH=${CMAKE_PREFIX_PATH}:/opt/ros/humble:/home/joas329/Desktop/rover_simulation/install/my_bot /usr/bin/cmake --build /home/joas329/Desktop/rover_simulation/build/hello_moveit -- -j8 -l8
