[0.321s] Invoking command in '/home/joas329/Desktop/rover_simulation/build/arm_control_moveit_config': /usr/bin/cmake --build /home/joas329/Desktop/rover_simulation/build/arm_control_moveit_config -- -j8 -l8
[0.769s] -- Found ament_cmake: 1.3.5 (/opt/ros/humble/share/ament_cmake/cmake)
[1.299s] Error parsing '/home/joas329/Desktop/rover_simulation/src/arm_control_moveit_config/package.xml':
[1.365s] Traceback (most recent call last):
[1.365s]   File "/opt/ros/humble/share/ament_cmake_core/cmake/core/package_xml_2_cmake.py", line 150, in <module>
[1.366s]     main()
[1.366s]   File "/opt/ros/humble/share/ament_cmake_core/cmake/core/package_xml_2_cmake.py", line 53, in main
[1.367s]     raise e
[1.367s]   File "/opt/ros/humble/share/ament_cmake_core/cmake/core/package_xml_2_cmake.py", line 49, in main
[1.368s]     package = parse_package_string(
[1.371s]   File "/usr/lib/python3/dist-packages/catkin_pkg/package.py", line 786, in parse_package_string
[1.396s]     raise InvalidPackage('Error(s):%s' % (''.join(['\n- %s' % e for e in errors])), filename)
[1.402s] catkin_pkg.package.InvalidPackage: Error(s) in package '/home/joas329/Desktop/rover_simulation/src/arm_control_moveit_config/package.xml':
[1.405s] Error(s):
[1.406s] - The generic dependency on 'controller_manager' is redundant with: exec_depend
[1.406s] - The generic dependency on 'joint_state_publisher' is redundant with: exec_depend
[1.407s] - The generic dependency on 'robot_state_publisher' is redundant with: exec_depend
[1.418s] -- Configuring incomplete, errors occurred!
[1.418s] See also "/home/joas329/Desktop/rover_simulation/build/arm_control_moveit_config/CMakeFiles/CMakeOutput.log".
[1.418s] [31mCMake Error at /opt/ros/humble/share/ament_cmake_core/cmake/core/ament_package_xml.cmake:95 (message):
[1.419s]   execute_process(/usr/bin/python3.10
[1.420s]   /opt/ros/humble/share/ament_cmake_core/cmake/core/package_xml_2_cmake.py
[1.420s]   /home/joas329/Desktop/rover_simulation/src/arm_control_moveit_config/package.xml
[1.421s]   /home/joas329/Desktop/rover_simulation/build/arm_control_moveit_config/ament_cmake_core/package.cmake)
[1.421s]   returned error code 1
[1.421s] Call Stack (most recent call first):
[1.421s]   /opt/ros/humble/share/ament_cmake_core/cmake/core/ament_package_xml.cmake:49 (_ament_package_xml)
[1.421s]   /opt/ros/humble/share/ament_cmake_core/cmake/core/ament_package.cmake:63 (ament_package_xml)
[1.421s]   CMakeLists.txt:6 (ament_package)
[1.421s] 
[1.421s] [0m
[1.422s] gmake: *** [Makefile:226: cmake_check_build_system] Error 1
[1.445s] Invoked command in '/home/joas329/Desktop/rover_simulation/build/arm_control_moveit_config' returned '2': /usr/bin/cmake --build /home/joas329/Desktop/rover_simulation/build/arm_control_moveit_config -- -j8 -l8
