[0.175s] Invoking command in '/home/joas329/Desktop/rover_simulation/src/build/pointcloud_to_laserscan': CMAKE_PREFIX_PATH=/opt/ros/humble /usr/bin/cmake /home/joas329/Desktop/rover_simulation/src/pointcloud_to_laserscan -DCMAKE_INSTALL_PREFIX=/home/joas329/Desktop/rover_simulation/src/install/pointcloud_to_laserscan
[0.216s] -- The C compiler identification is GNU 11.3.0
[0.264s] -- The CXX compiler identification is GNU 11.3.0
[0.269s] -- Detecting C compiler ABI info
[0.322s] -- Detecting C compiler ABI info - done
[0.326s] -- Check for working C compiler: /usr/bin/cc - skipped
[0.326s] -- Detecting C compile features
[0.327s] -- Detecting C compile features - done
[0.328s] -- Detecting CXX compiler ABI info
[0.407s] -- Detecting CXX compiler ABI info - done
[0.414s] -- Check for working CXX compiler: /usr/bin/c++ - skipped
[0.414s] -- Detecting CXX compile features
[0.414s] -- Detecting CXX compile features - done
[0.416s] -- Found ament_cmake_auto: 1.3.4 (/opt/ros/humble/share/ament_cmake_auto/cmake)
[0.575s] -- Found Python3: /usr/bin/python3.10 (found version "3.10.6") found components: Interpreter 
[0.724s] -- Found rosidl_generator_c: 3.1.4 (/opt/ros/humble/share/rosidl_generator_c/cmake)
[0.726s] -- Found rosidl_adapter: 3.1.4 (/opt/ros/humble/share/rosidl_adapter/cmake)
[0.732s] -- Found rosidl_generator_cpp: 3.1.4 (/opt/ros/humble/share/rosidl_generator_cpp/cmake)
[0.741s] -- Using all available rosidl_typesupport_c: rosidl_typesupport_fastrtps_c;rosidl_typesupport_introspection_c
[0.752s] -- Using all available rosidl_typesupport_cpp: rosidl_typesupport_fastrtps_cpp;rosidl_typesupport_introspection_cpp
[0.792s] -- Found rmw_implementation_cmake: 6.1.1 (/opt/ros/humble/share/rmw_implementation_cmake/cmake)
[0.794s] -- Found rmw_fastrtps_cpp: 6.2.2 (/opt/ros/humble/share/rmw_fastrtps_cpp/cmake)
[0.870s] -- Found OpenSSL: /usr/lib/x86_64-linux-gnu/libcrypto.so (found version "3.0.2")  
[0.887s] -- Found FastRTPS: /opt/ros/humble/include  
[0.915s] -- Using RMW implementation 'rmw_fastrtps_cpp' as default
[0.920s] -- Looking for pthread.h
[0.978s] -- Looking for pthread.h - found
[0.978s] -- Performing Test CMAKE_HAVE_LIBC_PTHREAD
[1.031s] -- Performing Test CMAKE_HAVE_LIBC_PTHREAD - Success
[1.032s] -- Found Threads: TRUE  
[1.477s] -- Found ament_lint_auto: 0.12.6 (/opt/ros/humble/share/ament_lint_auto/cmake)
[1.487s] -- Added test 'cppcheck' to perform static code analysis on C / C++ code
[1.488s] -- Configured cppcheck include dirs: /home/joas329/Desktop/rover_simulation/src/pointcloud_to_laserscan/include
[1.488s] -- Configured cppcheck exclude dirs and/or files: 
[1.489s] -- Added test 'cpplint' to check C / C++ code against the Google style
[1.489s] -- Configured cpplint exclude dirs and/or files: 
[1.489s] -- Added test 'flake8' to check Python code syntax and style conventions
[1.490s] -- Added test 'lint_cmake' to check CMake code style
[1.490s] -- Added test 'pep257' to check Python code against some of the docstring style conventions in PEP 257
[1.491s] -- Added test 'uncrustify' to check C / C++ code style
[1.491s] -- Configured uncrustify additional arguments: 
[1.492s] -- Added test 'xmllint' to check XML markup files
[1.493s] -- Configuring done
[1.509s] -- Generating done
[1.510s] -- Build files have been written to: /home/joas329/Desktop/rover_simulation/src/build/pointcloud_to_laserscan
[1.520s] Invoked command in '/home/joas329/Desktop/rover_simulation/src/build/pointcloud_to_laserscan' returned '0': CMAKE_PREFIX_PATH=/opt/ros/humble /usr/bin/cmake /home/joas329/Desktop/rover_simulation/src/pointcloud_to_laserscan -DCMAKE_INSTALL_PREFIX=/home/joas329/Desktop/rover_simulation/src/install/pointcloud_to_laserscan
[1.520s] Invoking command in '/home/joas329/Desktop/rover_simulation/src/build/pointcloud_to_laserscan': CMAKE_PREFIX_PATH=/opt/ros/humble /usr/bin/cmake --build /home/joas329/Desktop/rover_simulation/src/build/pointcloud_to_laserscan -- -j11 -l11
[1.566s] [ 30%] [32mBuilding CXX object CMakeFiles/laserscan_to_pointcloud_node.dir/rclcpp_components/node_main_laserscan_to_pointcloud_node.cpp.o[0m
[1.566s] [ 30%] [32mBuilding CXX object CMakeFiles/laserscan_to_pointcloud.dir/src/laserscan_to_pointcloud_node.cpp.o[0m
[1.566s] [ 30%] [32mBuilding CXX object CMakeFiles/pointcloud_to_laserscan_node.dir/rclcpp_components/node_main_pointcloud_to_laserscan_node.cpp.o[0m
[3.304s] [ 40%] [32m[1mLinking CXX executable pointcloud_to_laserscan_node[0m
[3.328s] [ 50%] [32m[1mLinking CXX executable laserscan_to_pointcloud_node[0m
[3.383s] [ 50%] Built target pointcloud_to_laserscan_node
[3.406s] [ 50%] Built target laserscan_to_pointcloud_node
[6.986s] gmake[2]: *** wait: No child processes.  Stop.
[6.997s] gmake[2]: *** Waiting for unfinished jobs....
[6.997s] gmake[2]: *** wait: No child processes.  Stop.
[7.027s] gmake[1]: *** [CMakeFiles/Makefile2:145: CMakeFiles/laserscan_to_pointcloud.dir/all] Error 2
[7.032s] gmake: *** [Makefile:146: all] Interrupt
[7.262s] Invoked command in '/home/joas329/Desktop/rover_simulation/src/build/pointcloud_to_laserscan' returned '-2': CMAKE_PREFIX_PATH=/opt/ros/humble /usr/bin/cmake --build /home/joas329/Desktop/rover_simulation/src/build/pointcloud_to_laserscan -- -j11 -l11
