[0.289s] Invoking command in '/home/joas329/Desktop/rover_simulation/build/hello_moveit': CMAKE_PREFIX_PATH=${CMAKE_PREFIX_PATH}:/opt/ros/humble:/home/joas329/Desktop/rover_simulation/install/my_bot /usr/bin/cmake /home/joas329/Desktop/rover_simulation/src/hello_moveit -DCMAKE_BUILD_TYPE=Release -DCMAKE_INSTALL_PREFIX=/home/joas329/Desktop/rover_simulation/install/hello_moveit
[0.346s] -- The C compiler identification is GNU 11.4.0
[0.402s] -- The CXX compiler identification is GNU 11.4.0
[0.410s] -- Detecting C compiler ABI info
[0.514s] -- Detecting C compiler ABI info - done
[0.522s] -- Check for working C compiler: /usr/bin/cc - skipped
[0.522s] -- Detecting C compile features
[0.523s] -- Detecting C compile features - done
[0.526s] -- Detecting CXX compiler ABI info
[0.611s] -- Detecting CXX compiler ABI info - done
[0.620s] -- Check for working CXX compiler: /usr/bin/c++ - skipped
[0.620s] -- Detecting CXX compile features
[0.621s] -- Detecting CXX compile features - done
[0.623s] -- Found ament_cmake: 1.3.5 (/opt/ros/humble/share/ament_cmake/cmake)
[0.816s] -- Found Python3: /usr/bin/python3.10 (found version "3.10.12") found components: Interpreter 
[0.946s] -- Found moveit_ros_planning_interface: 2.5.4 (/opt/ros/humble/share/moveit_ros_planning_interface/cmake)
[1.693s] -- Found Boost: /usr/lib/x86_64-linux-gnu/cmake/Boost-1.74.0/BoostConfig.cmake (found version "1.74.0") found components: date_time filesystem program_options system thread 
[1.740s] -- Found rosidl_generator_c: 3.1.5 (/opt/ros/humble/share/rosidl_generator_c/cmake)
[1.745s] -- Found rosidl_adapter: 3.1.5 (/opt/ros/humble/share/rosidl_adapter/cmake)
[1.755s] -- Found rosidl_generator_cpp: 3.1.5 (/opt/ros/humble/share/rosidl_generator_cpp/cmake)
[1.776s] -- Using all available rosidl_typesupport_c: rosidl_typesupport_fastrtps_c;rosidl_typesupport_introspection_c
[1.797s] -- Using all available rosidl_typesupport_cpp: rosidl_typesupport_fastrtps_cpp;rosidl_typesupport_introspection_cpp
[2.945s] -- Found Boost: /usr/lib/x86_64-linux-gnu/cmake/Boost-1.74.0/BoostConfig.cmake (found version "1.74.0") found components: chrono date_time filesystem iostreams program_options regex serialization system thread 
[3.021s] -- Found Boost: /usr/lib/x86_64-linux-gnu/cmake/Boost-1.74.0/BoostConfig.cmake (found version "1.74.0") found components: filesystem 
[3.195s] -- Found rmw_implementation_cmake: 6.1.1 (/opt/ros/humble/share/rmw_implementation_cmake/cmake)
[3.198s] -- Found rmw_cyclonedds_cpp: 1.3.4 (/opt/ros/humble/share/rmw_cyclonedds_cpp/cmake)
[3.233s] -- Using RMW implementation 'rmw_cyclonedds_cpp' as default
[3.243s] -- Found Threads: TRUE  
[3.584s] -- library: /usr/lib/x86_64-linux-gnu/libcurl.so
[3.822s] -- Found Eigen3: TRUE (found version "3.4.0") 
[3.822s] -- Ensuring Eigen3 include directory is part of orocos-kdl CMake target
[4.630s] -- Found Boost: /usr/lib/x86_64-linux-gnu/cmake/Boost-1.74.0/BoostConfig.cmake (found version "1.74.0") found components: system filesystem date_time program_options thread chrono 
[5.182s] -- Found Boost: /usr/lib/x86_64-linux-gnu/cmake/Boost-1.74.0/BoostConfig.cmake (found version "1.74.0") found components: thread system filesystem regex date_time program_options 
[5.535s] -- Found Boost: /usr/lib/x86_64-linux-gnu/cmake/Boost-1.74.0/BoostConfig.cmake (found version "1.74.0") found components: system filesystem date_time program_options thread 
[6.030s] -- Found ament_lint_auto: 0.12.7 (/opt/ros/humble/share/ament_lint_auto/cmake)
[6.125s] -- Added test 'cppcheck' to perform static code analysis on C / C++ code
[6.126s] -- Configured cppcheck include dirs: $<BUILD_INTERFACE:/home/joas329/Desktop/rover_simulation/src/hello_moveit/include>
[6.126s] -- Configured cppcheck exclude dirs and/or files: 
[6.127s] -- Added test 'lint_cmake' to check CMake code style
[6.128s] -- Added test 'uncrustify' to check C / C++ code style
[6.128s] -- Configured uncrustify additional arguments: 
[6.129s] -- Added test 'xmllint' to check XML markup files
[6.131s] -- Configuring done
[6.208s] -- Generating done
[6.211s] -- Build files have been written to: /home/joas329/Desktop/rover_simulation/build/hello_moveit
[6.223s] Invoked command in '/home/joas329/Desktop/rover_simulation/build/hello_moveit' returned '0': CMAKE_PREFIX_PATH=${CMAKE_PREFIX_PATH}:/opt/ros/humble:/home/joas329/Desktop/rover_simulation/install/my_bot /usr/bin/cmake /home/joas329/Desktop/rover_simulation/src/hello_moveit -DCMAKE_BUILD_TYPE=Release -DCMAKE_INSTALL_PREFIX=/home/joas329/Desktop/rover_simulation/install/hello_moveit
[6.224s] Invoking command in '/home/joas329/Desktop/rover_simulation/build/hello_moveit': CMAKE_PREFIX_PATH=${CMAKE_PREFIX_PATH}:/opt/ros/humble:/home/joas329/Desktop/rover_simulation/install/my_bot /usr/bin/cmake --build /home/joas329/Desktop/rover_simulation/build/hello_moveit -- -j8 -l8
[6.275s] [ 50%] [32mBuilding CXX object CMakeFiles/hello_moveit.dir/src/hello_moveit.cpp.o[0m
[10.686s] [01m[K/home/joas329/Desktop/rover_simulation/src/hello_moveit/src/hello_moveit.cpp:16:5:[m[K [01;31m[Kerror: [m[Kredefinition of â€˜[01m[Kint main(int, char**)[m[Kâ€™
[10.686s]    16 | int [01;31m[Kmain[m[K(int argc, char * argv[])
[10.686s]       |     [01;31m[K^~~~[m[K
[10.686s] [01m[K/home/joas329/Desktop/rover_simulation/src/hello_moveit/src/hello_moveit.cpp:3:5:[m[K [01;36m[Knote: [m[Kâ€˜[01m[Kint main(int, char**)[m[Kâ€™ previously defined here
[10.686s]     3 | int [01;36m[Kmain[m[K(int argc, char ** argv)
[10.686s]       |     [01;36m[K^~~~[m[K
[12.838s] gmake[2]: *** [CMakeFiles/hello_moveit.dir/build.make:76: CMakeFiles/hello_moveit.dir/src/hello_moveit.cpp.o] Error 1
[12.839s] gmake[1]: *** [CMakeFiles/Makefile2:137: CMakeFiles/hello_moveit.dir/all] Error 2
[12.839s] gmake: *** [Makefile:146: all] Error 2
[12.841s] Invoked command in '/home/joas329/Desktop/rover_simulation/build/hello_moveit' returned '2': CMAKE_PREFIX_PATH=${CMAKE_PREFIX_PATH}:/opt/ros/humble:/home/joas329/Desktop/rover_simulation/install/my_bot /usr/bin/cmake --build /home/joas329/Desktop/rover_simulation/build/hello_moveit -- -j8 -l8
