[0.373s] Invoking command in '/home/joas329/Desktop/rover_simulation/build/arm_control_moveit_config': /usr/bin/cmake --build /home/joas329/Desktop/rover_simulation/build/arm_control_moveit_config -- -j8 -l8
[0.408s] -- Found ament_cmake: 1.3.5 (/opt/ros/humble/share/ament_cmake/cmake)
[0.701s] Error parsing '/home/joas329/Desktop/rover_simulation/src/arm_control_moveit_config/package.xml':
[0.764s] Traceback (most recent call last):
[0.765s]   File "/opt/ros/humble/share/ament_cmake_core/cmake/core/package_xml_2_cmake.py", line 150, in <module>
[0.765s]     main()
[0.765s]   File "/opt/ros/humble/share/ament_cmake_core/cmake/core/package_xml_2_cmake.py", line 53, in main
[0.765s]     raise e
[0.765s]   File "/opt/ros/humble/share/ament_cmake_core/cmake/core/package_xml_2_cmake.py", line 49, in main
[0.765s]     package = parse_package_string(
[0.765s]   File "/usr/lib/python3/dist-packages/catkin_pkg/package.py", line 786, in parse_package_string
[0.766s]     raise InvalidPackage('Error(s):%s' % (''.join(['\n- %s' % e for e in errors])), filename)
[0.766s] catkin_pkg.package.InvalidPackage: Error(s) in package '/home/joas329/Desktop/rover_simulation/src/arm_control_moveit_config/package.xml':
[0.766s] Error(s):
[0.766s] - The generic dependency on 'controller_manager' is redundant with: exec_depend
[0.766s] - The generic dependency on 'joint_state_publisher' is redundant with: exec_depend
[0.766s] - The generic dependency on 'robot_state_publisher' is redundant with: exec_depend
[0.784s] [31mCMake Error at /opt/ros/humble/share/ament_cmake_core/cmake/core/ament_package_xml.cmake:95 (message):
[0.784s]   execute_process(/usr/bin/python3.10
[0.785s]   /opt/ros/humble/share/ament_cmake_core/cmake/core/package_xml_2_cmake.py
[0.785s]   /home/joas329/Desktop/rover_simulation/src/arm_control_moveit_config/package.xml
[0.785s]   /home/joas329/Desktop/rover_simulation/build/arm_control_moveit_config/ament_cmake_core/package.cmake)
[0.785s]   returned error code 1
[0.785s] Call Stack (most recent call first):
[0.785s]   /opt/ros/humble/share/ament_cmake_core/cmake/core/ament_package_xml.cmake:49 (_ament_package_xml)
[0.785s]   /opt/ros/humble/share/ament_cmake_core/cmake/core/ament_package.cmake:63 (ament_package_xml)
[0.785s]   CMakeLists.txt:6 (ament_package)
[0.786s] 
[0.786s] [0m
[0.786s] -- Configuring incomplete, errors occurred!
[0.786s] See also "/home/joas329/Desktop/rover_simulation/build/arm_control_moveit_config/CMakeFiles/CMakeOutput.log".
[0.788s] gmake: *** [Makefile:226: cmake_check_build_system] Error 1
[0.790s] Invoked command in '/home/joas329/Desktop/rover_simulation/build/arm_control_moveit_config' returned '2': /usr/bin/cmake --build /home/joas329/Desktop/rover_simulation/build/arm_control_moveit_config -- -j8 -l8
